<?xml version="1.0" encoding="UTF-8"?>
<testsuite name="com.neopragma.tdd2.CalcPropertyTest" tests="1" skipped="0" failures="0" errors="0" timestamp="2023-10-19T16:33:51" hostname="Davids-MacBook-Pro.local" time="0.098">
  <properties/>
  <testcase name="orderOfArgumentsDoesNotAffectResult" classname="com.neopragma.tdd2.CalcPropertyTest" time="0.098"/>
  <system-out><![CDATA[timestamp = 2023-10-19T09:33:51.616996, CalcPropertyTest:orderOfArgumentsDoesNotAffectResult = 
                              |-----------------------jqwik-----------------------
tries = 100                   | # of calls to property
checks = 100                  | # of not rejected calls
generation = RANDOMIZED       | parameters are randomly generated
after-failure = SAMPLE_FIRST  | try previously failed sample, then previous seed
when-fixed-seed = ALLOW       | fixing the random seed is allowed
edge-cases#mode = MIXIN       | edge cases are mixed in
edge-cases#total = 147        | # of all combined edge cases
edge-cases#tried = 15         | # of edge cases tried in current run
seed = -6841477676976292786   | random seed to reproduce generated values


]]></system-out>
  <system-err><![CDATA[Oct 19, 2023 9:33:51 AM net.jqwik.engine.properties.RandomizedShrinkablesGenerator logEdgeCasesOutnumberTriesIfApplicable
INFO: Edge case generation exceeds number of tries. Stopped after 147 generated cases.
]]></system-err>
</testsuite>
