<?xml version="1.0" encoding="UTF-8"?>
<testsuite name="fizzplay.FizzPlayTest" tests="2" skipped="0" failures="0" errors="0" timestamp="2023-11-13T16:15:11" hostname="Davids-MacBook-Pro.local" time="0.047">
  <properties/>
  <testcase name="[1] 2, 2" classname="fizzplay.FizzPlayTest" time="0.034"/>
  <testcase name="[2] 3, Fizz" classname="fizzplay.FizzPlayTest" time="0.001"/>
  <system-out><![CDATA[]]></system-out>
  <system-err><![CDATA[]]></system-err>
</testsuite>
