<?xml version="1.0" encoding="UTF-8"?>
<testsuite name="com.neopragma.rpn.RPNTest" tests="8" skipped="0" failures="0" errors="0" timestamp="2023-11-14T15:32:54" hostname="Davids-MacBook-Pro.local" time="0.072">
  <properties/>
  <testcase name="entering_a_number_adds_the_number_to_the_stack()" classname="com.neopragma.rpn.RPNTest" time="0.021"/>
  <testcase name="[1] 5.5, 7.2, +, 12.7" classname="com.neopragma.rpn.RPNTest" time="0.016"/>
  <testcase name="[2] 3.5, 15.0, -, 11.5" classname="com.neopragma.rpn.RPNTest" time="0.001"/>
  <testcase name="[3] 2, 5, *, 10.0" classname="com.neopragma.rpn.RPNTest" time="0.001"/>
  <testcase name="[4] 2, 10, /, 5.0" classname="com.neopragma.rpn.RPNTest" time="0.001"/>
  <testcase name="when_there_are_too_few_operands_it_throws_an_exception()" classname="com.neopragma.rpn.RPNTest" time="0.002"/>
  <testcase name="it_handles_a_complex_expression()" classname="com.neopragma.rpn.RPNTest" time="0.0"/>
  <testcase name="when_there_are_too_many_operands_it_throws_an_exception()" classname="com.neopragma.rpn.RPNTest" time="0.001"/>
  <system-out><![CDATA[]]></system-out>
  <system-err><![CDATA[]]></system-err>
</testsuite>
