<?xml version="1.0" encoding="UTF-8"?>
<testsuite name="com.gildedrose.GildedRoseTest" tests="1" skipped="0" failures="0" errors="0" timestamp="2023-11-15T15:26:03" hostname="Davids-MacBook-Pro.local" time="0.017">
  <properties/>
  <testcase name="it_adjusts_quality_correctly(Item[], int)[1]" classname="com.gildedrose.GildedRoseTest" time="0.017"/>
  <system-out><![CDATA[]]></system-out>
  <system-err><![CDATA[]]></system-err>
</testsuite>
