<?xml version="1.0" encoding="UTF-8"?>
<testsuite name="com.gildedrose.GildedRoseTest" tests="1" skipped="0" failures="0" errors="0" timestamp="2023-10-22T17:15:37" hostname="Davids-MacBook-Pro.local" time="0.008">
  <properties/>
  <testcase name="foo()" classname="com.gildedrose.GildedRoseTest" time="0.008"/>
  <system-out><![CDATA[]]></system-out>
  <system-err><![CDATA[]]></system-err>
</testsuite>
