<?xml version="1.0" encoding="UTF-8"?>
<testsuite name="com.gildedrose.GildedRoseTest" tests="1" skipped="0" failures="0" errors="0" timestamp="2023-11-14T15:55:57" hostname="Davids-MacBook-Pro.local" time="0.009">
  <properties/>
  <testcase name="Sulfuras_Hand_of_Ragnaros_does_not_change_quality()" classname="com.gildedrose.GildedRoseTest" time="0.009"/>
  <system-out><![CDATA[]]></system-out>
  <system-err><![CDATA[]]></system-err>
</testsuite>
