<?xml version="1.0" encoding="UTF-8"?>
<testsuite name="com.neopragma.trickthemetrics.StreetAddressTest" tests="3" skipped="0" failures="0" errors="0" timestamp="2023-11-13T15:48:46" hostname="Davids-MacBook-Pro.local" time="0.002">
  <properties/>
  <testcase name="toString_returnsRawValue()" classname="com.neopragma.trickthemetrics.StreetAddressTest" time="0.0"/>
  <testcase name="format_returnsFormattedUSAddress()" classname="com.neopragma.trickthemetrics.StreetAddressTest" time="0.001"/>
  <testcase name="constructor_returnsValidInstance()" classname="com.neopragma.trickthemetrics.StreetAddressTest" time="0.001"/>
  <system-out><![CDATA[]]></system-out>
  <system-err><![CDATA[]]></system-err>
</testsuite>
