<?xml version="1.0" encoding="UTF-8"?>
<testsuite name="com.neopragma.samples.Exception1Test" tests="1" skipped="0" failures="0" errors="0" timestamp="2023-10-24T15:05:02" hostname="Davids-MacBook-Pro.local" time="0.008">
  <properties/>
  <testcase name="assert_expected_exception_old_way()" classname="com.neopragma.samples.Exception1Test" time="0.008"/>
  <system-out><![CDATA[]]></system-out>
  <system-err><![CDATA[]]></system-err>
</testsuite>
