<?xml version="1.0" encoding="UTF-8"?>
<testsuite name="com.neopragma.fizzplay.FizzPlayTest" tests="8" skipped="0" failures="0" errors="0" timestamp="2023-11-13T15:48:45" hostname="Davids-MacBook-Pro.local" time="0.042">
  <properties/>
  <testcase name="[1] com.neopragma.fizzplay.BruteForceFizzBuzz@1e84f3c8" classname="com.neopragma.fizzplay.FizzPlayTest" time="0.018"/>
  <testcase name="[2] com.neopragma.fizzplay.NaiveFizzBuzz@1450131a" classname="com.neopragma.fizzplay.FizzPlayTest" time="0.001"/>
  <testcase name="[3] com.neopragma.fizzplay.TernaryFizzBuzz@5f7eee96" classname="com.neopragma.fizzplay.FizzPlayTest" time="0.0"/>
  <testcase name="[4] com.neopragma.fizzplay.StreamFizzBuzz@3a36cd5" classname="com.neopragma.fizzplay.FizzPlayTest" time="0.001"/>
  <testcase name="[5] com.neopragma.fizzplay.LiterateFizzBuzz@6f8e9d06" classname="com.neopragma.fizzplay.FizzPlayTest" time="0.001"/>
  <testcase name="[6] com.neopragma.fizzplay.OverlyFactoredFizzBuzz@3f6f3cc" classname="com.neopragma.fizzplay.FizzPlayTest" time="0.001"/>
  <testcase name="[7] com.neopragma.fizzplay.ConcatenatedFizzBuzz@47272cd3" classname="com.neopragma.fizzplay.FizzPlayTest" time="0.001"/>
  <testcase name="[8] com.neopragma.fizzplay.BrainBuzz@5d512ddb" classname="com.neopragma.fizzplay.FizzPlayTest" time="0.015"/>
  <system-out><![CDATA[]]></system-out>
  <system-err><![CDATA[]]></system-err>
</testsuite>
